setting 'ivy.default.settings.dir' to 'jar:file:/Users/ian/bin/sbt-launch-0.7.4.jar!/org/apache/ivy/core/settings'
setting 'ivy.basedir' to '/Users/ian/workspace/cassie/cassie-core/.'
setting 'ivy.default.conf.dir' to 'jar:file:/Users/ian/bin/sbt-launch-0.7.4.jar!/org/apache/ivy/core/settings'
impossible to define new type: class not found: org.apache.ivy.plugins.version.PatternVersionMatcher in [] nor Ivy classloader
impossible to define new type: class not found: org.apache.ivy.plugins.trigger.LogTrigger in [] nor Ivy classloader
impossible to define new type: class not found: org.apache.ivy.plugins.resolver.VsftpResolver in [] nor Ivy classloader
impossible to define new type: class not found: org.apache.ivy.plugins.conflict.RegexpConflictManager in [] nor Ivy classloader
impossible to define new type: class not found: org.apache.ivy.plugins.resolver.SshResolver in [] nor Ivy classloader
impossible to define new type: class not found: org.apache.ivy.plugins.resolver.VfsResolver in [] nor Ivy classloader
impossible to define new type: class not found: org.apache.ivy.plugins.resolver.SFTPResolver in [] nor Ivy classloader
impossible to define new type: class not found: org.apache.ivy.plugins.resolver.packager.PackagerResolver in [] nor Ivy classloader
impossible to define new type: class not found: org.apache.ivy.ant.AntCallTrigger in [] nor Ivy classloader
impossible to define new type: class not found: org.apache.ivy.plugins.resolver.IvyRepResolver in [] nor Ivy classloader
impossible to define new type: class not found: org.apache.ivy.ant.AntBuildTrigger in [] nor Ivy classloader
impossible to define glob matcher: org.apache.ivy.plugins.matcher.GlobPatternMatcher was not found.
setting 'java.runtime.name' to 'Java(TM) SE Runtime Environment'
setting 'sun.boot.library.path' to '/System/Library/Java/JavaVirtualMachines/1.6.0.jdk/Contents/Libraries'
setting 'java.vm.version' to '19.1-b02-334'
setting 'awt.nativeDoubleBuffering' to 'true'
setting 'gopherProxySet' to 'false'
setting 'mrj.build' to '10M3326'
setting 'java.vm.vendor' to 'Apple Inc.'
setting 'java.vendor.url' to 'http://www.apple.com/'
setting 'path.separator' to ':'
setting 'java.vm.name' to 'Java HotSpot(TM) 64-Bit Server VM'
setting 'file.encoding.pkg' to 'sun.io'
setting 'sun.java.launcher' to 'SUN_STANDARD'
setting 'user.country' to 'US'
setting 'sun.os.patch.level' to 'unknown'
setting 'java.vm.specification.name' to 'Java Virtual Machine Specification'
setting 'user.dir' to '/Users/ian/workspace/cassie/cassie-core'
setting 'java.runtime.version' to '1.6.0_24-b07-334-10M3326'
setting 'java.awt.graphicsenv' to 'apple.awt.CGraphicsEnvironment'
setting 'java.endorsed.dirs' to '/System/Library/Java/JavaVirtualMachines/1.6.0.jdk/Contents/Home/lib/endorsed'
setting 'os.arch' to 'x86_64'
setting 'java.io.tmpdir' to '/var/folders/tb/tb27CKmJGkGs9mDJqu3Rxk+++TQ/-Tmp-/'
setting 'line.separator' to '
'
setting 'java.vm.specification.vendor' to 'Sun Microsystems Inc.'
setting 'os.name' to 'Mac OS X'
setting 'sun.jnu.encoding' to 'MacRoman'
setting 'java.library.path' to '.:/Users/ian/Library/Java/Extensions:/Library/Java/Extensions:/System/Library/Java/Extensions:/usr/lib/java'
setting 'java.specification.name' to 'Java Platform API Specification'
setting 'java.class.version' to '50.0'
setting 'sun.management.compiler' to 'HotSpot 64-Bit Server Compiler'
setting 'os.version' to '10.6.7'
setting 'http.nonProxyHosts' to 'local|*.local|169.254/16|*.169.254/16'
setting 'user.home' to '/Users/ian'
setting 'user.timezone' to 'America/Los_Angeles'
setting 'java.awt.printerjob' to 'apple.awt.CPrinterJob'
setting 'file.encoding' to 'MacRoman'
setting 'java.specification.version' to '1.6'
setting 'java.class.path' to '/Users/ian/bin/sbt-launch-0.7.4.jar'
setting 'user.name' to 'ian'
setting 'java.vm.specification.version' to '1.0'
setting 'java.home' to '/System/Library/Java/JavaVirtualMachines/1.6.0.jdk/Contents/Home'
setting 'sun.arch.data.model' to '64'
setting 'user.language' to 'en'
setting 'java.specification.vendor' to 'Sun Microsystems Inc.'
setting 'awt.toolkit' to 'apple.awt.CToolkit'
setting 'java.vm.info' to 'mixed mode'
setting 'java.version' to '1.6.0_24'
setting 'java.ext.dirs' to '/Users/ian/Library/Java/Extensions:/Library/Java/Extensions:/System/Library/Java/Extensions:/System/Library/Java/JavaVirtualMachines/1.6.0.jdk/Contents/Home/lib/ext'
setting 'sun.boot.class.path' to '/System/Library/Java/JavaVirtualMachines/1.6.0.jdk/Contents/Classes/jsfd.jar:/System/Library/Java/JavaVirtualMachines/1.6.0.jdk/Contents/Classes/classes.jar:/System/Library/Frameworks/JavaVM.framework/Frameworks/JavaRuntimeSupport.framework/Resources/Java/JavaRuntimeSupport.jar:/System/Library/Java/JavaVirtualMachines/1.6.0.jdk/Contents/Classes/ui.jar:/System/Library/Java/JavaVirtualMachines/1.6.0.jdk/Contents/Classes/laf.jar:/System/Library/Java/JavaVirtualMachines/1.6.0.jdk/Contents/Classes/sunrsasign.jar:/System/Library/Java/JavaVirtualMachines/1.6.0.jdk/Contents/Classes/jsse.jar:/System/Library/Java/JavaVirtualMachines/1.6.0.jdk/Contents/Classes/jce.jar:/System/Library/Java/JavaVirtualMachines/1.6.0.jdk/Contents/Classes/charsets.jar'
setting 'java.vendor' to 'Apple Inc.'
setting 'file.separator' to '/'
setting 'java.vendor.url.bug' to 'http://bugreport.apple.com/'
setting 'sun.io.unicode.encoding' to 'UnicodeLittle'
setting 'sun.cpu.endian' to 'little'
setting 'mrj.version' to '1060.1.6.0_24-334'
setting 'socksNonProxyHosts' to 'local|*.local|169.254/16|*.169.254/16'
setting 'ftp.nonProxyHosts' to 'local|*.local|169.254/16|*.169.254/16'
setting 'sun.cpu.isalist' to ''
setting 'ivy.default.ivy.user.dir' to '/Users/ian/.ivy2'
setting 'ivy.home' to '/Users/ian/.ivy2'
no default ivy user dir defined: set to /Users/ian/.ivy2
setting 'ivy.cache.dir' to '/Users/ian/.ivy2/cache'
no default cache defined: set to /Users/ian/.ivy2/cache
setting 'ivy.basedir' to '/Users/ian/workspace/cassie/cassie-core/project/boot'
setting 'basedir' to '/Users/ian/workspace/cassie/cassie-core/project/boot'
setting 'scala' to '2.7.7'
:: resolving dependencies :: org.scala-tools.sbt#boot-app;1.0
	confs: [default]
	validate = true
	refresh = false
resolving dependencies for configuration 'default'
== resolving dependencies for org.scala-tools.sbt#boot-app;1.0 [default]
loadData of org.scala-tools.sbt#boot-app;1.0 of rootConf=default
== resolving dependencies org.scala-tools.sbt#boot-app;1.0->org.scala-tools.sbt#sbt_2.7.7;0.7.4 [default->default(compile)]
loadData of org.scala-tools.sbt#sbt_2.7.7;0.7.4 of rootConf=default
	using redefined-public to resolve org.scala-tools.sbt#sbt_2.7.7;0.7.4
redefined-public: Checking cache for: dependency: org.scala-tools.sbt#sbt_2.7.7;0.7.4 {default=[default(compile)]}
redefined-public: no namespace defined: using system
No entry is found in the ModuleDescriptorCache : /Users/ian/.ivy2/cache/org.scala-tools.sbt/sbt_2.7.7/ivy-0.7.4.xml
pre 1.3 ivy file: using exactOrRegexp as default matcher
	found ivy file in cache for org.scala-tools.sbt#sbt_2.7.7;0.7.4 (resolved by sbt-db): /Users/ian/.ivy2/cache/org.scala-tools.sbt/sbt_2.7.7/ivy-0.7.4.xml
redefined-public: module revision found in cache: org.scala-tools.sbt#sbt_2.7.7;0.7.4
redefined-public: no latest strategy defined: using default
	found org.scala-tools.sbt#sbt_2.7.7;0.7.4 in sbt-db
excluding dependency: org.scala-lang#scala-library;2.7.7 {default=[default(compile)]} in default
excluding dependency: org.scala-lang#scala-compiler;2.7.7 {default=[default(compile)]} in default
== resolving dependencies org.scala-tools.sbt#sbt_2.7.7;0.7.4->com.jcraft#jsch;0.1.31 [default->default(compile)]
excluding dependency: org.scala-lang#scala-library;2.7.7 {default=[default(compile)]} in default
excluding dependency: org.scala-lang#scala-compiler;2.7.7 {default=[default(compile)]} in default
loadData of com.jcraft#jsch;0.1.31 of rootConf=default
	using redefined-public to resolve com.jcraft#jsch;0.1.31
redefined-public: Checking cache for: dependency: com.jcraft#jsch;0.1.31 {default=[default(compile)]}
No entry is found in the ModuleDescriptorCache : /Users/ian/.ivy2/cache/com.jcraft/jsch/ivy-0.1.31.xml
pre 1.3 ivy file: using exactOrRegexp as default matcher
	found ivy file in cache for com.jcraft#jsch;0.1.31 (resolved by Maven Central): /Users/ian/.ivy2/cache/com.jcraft/jsch/ivy-0.1.31.xml
redefined-public: module revision found in cache: com.jcraft#jsch;0.1.31
	found com.jcraft#jsch;0.1.31 in Maven Central
== resolving dependencies org.scala-tools.sbt#sbt_2.7.7;0.7.4->com.jcraft#jsch;0.1.31 [default->runtime]
loadData of com.jcraft#jsch;0.1.31 of rootConf=default
== resolving dependencies org.scala-tools.sbt#sbt_2.7.7;0.7.4->com.jcraft#jsch;0.1.31 [default->compile]
loadData of com.jcraft#jsch;0.1.31 of rootConf=default
== resolving dependencies org.scala-tools.sbt#sbt_2.7.7;0.7.4->com.jcraft#jsch;0.1.31 [default->master]
loadData of com.jcraft#jsch;0.1.31 of rootConf=default
== resolving dependencies org.scala-tools.sbt#sbt_2.7.7;0.7.4->org.scala-tools.testing#test-interface;0.5 [default->default(compile)]
excluding dependency: org.scala-lang#scala-library;2.7.7 {default=[default(compile)]} in default
excluding dependency: org.scala-lang#scala-compiler;2.7.7 {default=[default(compile)]} in default
loadData of org.scala-tools.testing#test-interface;0.5 of rootConf=default
	using redefined-public to resolve org.scala-tools.testing#test-interface;0.5
redefined-public: Checking cache for: dependency: org.scala-tools.testing#test-interface;0.5 {default=[default(compile)]}
No entry is found in the ModuleDescriptorCache : /Users/ian/.ivy2/cache/org.scala-tools.testing/test-interface/ivy-0.5.xml
pre 1.3 ivy file: using exactOrRegexp as default matcher
	found ivy file in cache for org.scala-tools.testing#test-interface;0.5 (resolved by Maven Central): /Users/ian/.ivy2/cache/org.scala-tools.testing/test-interface/ivy-0.5.xml
redefined-public: module revision found in cache: org.scala-tools.testing#test-interface;0.5
	found org.scala-tools.testing#test-interface;0.5 in Maven Central
== resolving dependencies org.scala-tools.sbt#sbt_2.7.7;0.7.4->org.scala-tools.testing#test-interface;0.5 [default->runtime]
loadData of org.scala-tools.testing#test-interface;0.5 of rootConf=default
== resolving dependencies org.scala-tools.sbt#sbt_2.7.7;0.7.4->org.scala-tools.testing#test-interface;0.5 [default->compile]
loadData of org.scala-tools.testing#test-interface;0.5 of rootConf=default
== resolving dependencies org.scala-tools.sbt#sbt_2.7.7;0.7.4->org.scala-tools.testing#test-interface;0.5 [default->master]
loadData of org.scala-tools.testing#test-interface;0.5 of rootConf=default
== resolving dependencies org.scala-tools.sbt#sbt_2.7.7;0.7.4->org.apache.ivy#ivy;2.1.0 [default->default(compile)]
excluding dependency: org.scala-lang#scala-library;2.7.7 {default=[default(compile)]} in default
excluding dependency: org.scala-lang#scala-compiler;2.7.7 {default=[default(compile)]} in default
loadData of org.apache.ivy#ivy;2.1.0 of rootConf=default
	using redefined-public to resolve org.apache.ivy#ivy;2.1.0
redefined-public: Checking cache for: dependency: org.apache.ivy#ivy;2.1.0 {default=[default(compile)]}
No entry is found in the ModuleDescriptorCache : /Users/ian/.ivy2/cache/org.apache.ivy/ivy/ivy-2.1.0.xml
pre 1.3 ivy file: using exactOrRegexp as default matcher
	found ivy file in cache for org.apache.ivy#ivy;2.1.0 (resolved by Maven Central): /Users/ian/.ivy2/cache/org.apache.ivy/ivy/ivy-2.1.0.xml
redefined-public: module revision found in cache: org.apache.ivy#ivy;2.1.0
	found org.apache.ivy#ivy;2.1.0 in Maven Central
== resolving dependencies org.scala-tools.sbt#sbt_2.7.7;0.7.4->org.apache.ivy#ivy;2.1.0 [default->runtime]
loadData of org.apache.ivy#ivy;2.1.0 of rootConf=default
== resolving dependencies org.scala-tools.sbt#sbt_2.7.7;0.7.4->org.apache.ivy#ivy;2.1.0 [default->compile]
loadData of org.apache.ivy#ivy;2.1.0 of rootConf=default
== resolving dependencies org.scala-tools.sbt#sbt_2.7.7;0.7.4->org.apache.ivy#ivy;2.1.0 [default->master]
loadData of org.apache.ivy#ivy;2.1.0 of rootConf=default
== resolving dependencies org.scala-tools.sbt#sbt_2.7.7;0.7.4->org.scala-tools.sbt#compile_2.7.7;0.7.4 [default->default(compile)]
excluding dependency: org.scala-lang#scala-library;2.7.7 {default=[default(compile)]} in default
excluding dependency: org.scala-lang#scala-compiler;2.7.7 {default=[default(compile)]} in default
loadData of org.scala-tools.sbt#compile_2.7.7;0.7.4 of rootConf=default
	using redefined-public to resolve org.scala-tools.sbt#compile_2.7.7;0.7.4
redefined-public: Checking cache for: dependency: org.scala-tools.sbt#compile_2.7.7;0.7.4 {default=[default(compile)]}
No entry is found in the ModuleDescriptorCache : /Users/ian/.ivy2/cache/org.scala-tools.sbt/compile_2.7.7/ivy-0.7.4.xml
pre 1.3 ivy file: using exactOrRegexp as default matcher
	found ivy file in cache for org.scala-tools.sbt#compile_2.7.7;0.7.4 (resolved by sbt-db): /Users/ian/.ivy2/cache/org.scala-tools.sbt/compile_2.7.7/ivy-0.7.4.xml
redefined-public: module revision found in cache: org.scala-tools.sbt#compile_2.7.7;0.7.4
	found org.scala-tools.sbt#compile_2.7.7;0.7.4 in sbt-db
== resolving dependencies org.scala-tools.sbt#compile_2.7.7;0.7.4->org.scala-tools.sbt#launcher-interface;0.7.4 [default->default(compile)]
excluding dependency: org.scala-lang#scala-library;2.7.7 {default=[default(compile)]} in default
excluding dependency: org.scala-lang#scala-compiler;2.7.7 {default=[default(compile)]} in default
loadData of org.scala-tools.sbt#launcher-interface;0.7.4 of rootConf=default
	using redefined-public to resolve org.scala-tools.sbt#launcher-interface;0.7.4
redefined-public: Checking cache for: dependency: org.scala-tools.sbt#launcher-interface;0.7.4 {default=[default(compile)]}
No entry is found in the ModuleDescriptorCache : /Users/ian/.ivy2/cache/org.scala-tools.sbt/launcher-interface/ivy-0.7.4.xml
pre 1.3 ivy file: using exactOrRegexp as default matcher
	found ivy file in cache for org.scala-tools.sbt#launcher-interface;0.7.4 (resolved by sbt-db): /Users/ian/.ivy2/cache/org.scala-tools.sbt/launcher-interface/ivy-0.7.4.xml
redefined-public: module revision found in cache: org.scala-tools.sbt#launcher-interface;0.7.4
	found org.scala-tools.sbt#launcher-interface;0.7.4 in sbt-db
== resolving dependencies org.scala-tools.sbt#compile_2.7.7;0.7.4->org.scala-tools.sbt#interface;0.7.4 [default->default(compile)]
excluding dependency: org.scala-lang#scala-library;2.7.7 {default=[default(compile)]} in default
excluding dependency: org.scala-lang#scala-compiler;2.7.7 {default=[default(compile)]} in default
loadData of org.scala-tools.sbt#interface;0.7.4 of rootConf=default
	using redefined-public to resolve org.scala-tools.sbt#interface;0.7.4
redefined-public: Checking cache for: dependency: org.scala-tools.sbt#interface;0.7.4 {default=[default(compile)]}
No entry is found in the ModuleDescriptorCache : /Users/ian/.ivy2/cache/org.scala-tools.sbt/interface/ivy-0.7.4.xml
pre 1.3 ivy file: using exactOrRegexp as default matcher
	found ivy file in cache for org.scala-tools.sbt#interface;0.7.4 (resolved by sbt-db): /Users/ian/.ivy2/cache/org.scala-tools.sbt/interface/ivy-0.7.4.xml
redefined-public: module revision found in cache: org.scala-tools.sbt#interface;0.7.4
	found org.scala-tools.sbt#interface;0.7.4 in sbt-db
== resolving dependencies org.scala-tools.sbt#compile_2.7.7;0.7.4->org.scala-tools.sbt#ivy_2.7.7;0.7.4 [default->default(compile)]
excluding dependency: org.scala-lang#scala-library;2.7.7 {default=[default(compile)]} in default
excluding dependency: org.scala-lang#scala-compiler;2.7.7 {default=[default(compile)]} in default
loadData of org.scala-tools.sbt#ivy_2.7.7;0.7.4 of rootConf=default
	using redefined-public to resolve org.scala-tools.sbt#ivy_2.7.7;0.7.4
redefined-public: Checking cache for: dependency: org.scala-tools.sbt#ivy_2.7.7;0.7.4 {default=[default(compile)]}
No entry is found in the ModuleDescriptorCache : /Users/ian/.ivy2/cache/org.scala-tools.sbt/ivy_2.7.7/ivy-0.7.4.xml
pre 1.3 ivy file: using exactOrRegexp as default matcher
	found ivy file in cache for org.scala-tools.sbt#ivy_2.7.7;0.7.4 (resolved by sbt-db): /Users/ian/.ivy2/cache/org.scala-tools.sbt/ivy_2.7.7/ivy-0.7.4.xml
redefined-public: module revision found in cache: org.scala-tools.sbt#ivy_2.7.7;0.7.4
	found org.scala-tools.sbt#ivy_2.7.7;0.7.4 in sbt-db
== resolving dependencies org.scala-tools.sbt#ivy_2.7.7;0.7.4->org.apache.ivy#ivy;2.1.0 [default->default(compile)]
loadData of org.apache.ivy#ivy;2.1.0 of rootConf=default
default is loaded and no conf to load.  Skip loading
== resolving dependencies org.scala-tools.sbt#ivy_2.7.7;0.7.4->org.apache.ivy#ivy;2.1.0 [default->runtime]
loadData of org.apache.ivy#ivy;2.1.0 of rootConf=default
default is loaded and no conf to load.  Skip loading
== resolving dependencies org.scala-tools.sbt#ivy_2.7.7;0.7.4->org.apache.ivy#ivy;2.1.0 [default->compile]
loadData of org.apache.ivy#ivy;2.1.0 of rootConf=default
default is loaded and no conf to load.  Skip loading
== resolving dependencies org.scala-tools.sbt#ivy_2.7.7;0.7.4->org.apache.ivy#ivy;2.1.0 [default->master]
loadData of org.apache.ivy#ivy;2.1.0 of rootConf=default
default is loaded and no conf to load.  Skip loading
== resolving dependencies org.scala-tools.sbt#ivy_2.7.7;0.7.4->org.scala-tools.sbt#interface;0.7.4 [default->default(compile)]
loadData of org.scala-tools.sbt#interface;0.7.4 of rootConf=default
default is loaded and no conf to load.  Skip loading
== resolving dependencies org.scala-tools.sbt#ivy_2.7.7;0.7.4->org.scala-tools.sbt#launcher-interface;0.7.4 [default->default(compile)]
loadData of org.scala-tools.sbt#launcher-interface;0.7.4 of rootConf=default
default is loaded and no conf to load.  Skip loading
== resolving dependencies org.scala-tools.sbt#compile_2.7.7;0.7.4->org.scala-tools.sbt#io_2.7.7;0.7.4 [default->default(compile)]
excluding dependency: org.scala-lang#scala-library;2.7.7 {default=[default(compile)]} in default
excluding dependency: org.scala-lang#scala-compiler;2.7.7 {default=[default(compile)]} in default
loadData of org.scala-tools.sbt#io_2.7.7;0.7.4 of rootConf=default
	using redefined-public to resolve org.scala-tools.sbt#io_2.7.7;0.7.4
redefined-public: Checking cache for: dependency: org.scala-tools.sbt#io_2.7.7;0.7.4 {default=[default(compile)]}
No entry is found in the ModuleDescriptorCache : /Users/ian/.ivy2/cache/org.scala-tools.sbt/io_2.7.7/ivy-0.7.4.xml
pre 1.3 ivy file: using exactOrRegexp as default matcher
	found ivy file in cache for org.scala-tools.sbt#io_2.7.7;0.7.4 (resolved by sbt-db): /Users/ian/.ivy2/cache/org.scala-tools.sbt/io_2.7.7/ivy-0.7.4.xml
redefined-public: module revision found in cache: org.scala-tools.sbt#io_2.7.7;0.7.4
	found org.scala-tools.sbt#io_2.7.7;0.7.4 in sbt-db
== resolving dependencies org.scala-tools.sbt#io_2.7.7;0.7.4->org.scala-tools.sbt#control_2.7.7;0.7.4 [default->default(compile)]
excluding dependency: org.scala-lang#scala-library;2.7.7 {default=[default(compile)]} in default
excluding dependency: org.scala-lang#scala-compiler;2.7.7 {default=[default(compile)]} in default
loadData of org.scala-tools.sbt#control_2.7.7;0.7.4 of rootConf=default
	using redefined-public to resolve org.scala-tools.sbt#control_2.7.7;0.7.4
redefined-public: Checking cache for: dependency: org.scala-tools.sbt#control_2.7.7;0.7.4 {default=[default(compile)]}
No entry is found in the ModuleDescriptorCache : /Users/ian/.ivy2/cache/org.scala-tools.sbt/control_2.7.7/ivy-0.7.4.xml
pre 1.3 ivy file: using exactOrRegexp as default matcher
	found ivy file in cache for org.scala-tools.sbt#control_2.7.7;0.7.4 (resolved by sbt-db): /Users/ian/.ivy2/cache/org.scala-tools.sbt/control_2.7.7/ivy-0.7.4.xml
redefined-public: module revision found in cache: org.scala-tools.sbt#control_2.7.7;0.7.4
	found org.scala-tools.sbt#control_2.7.7;0.7.4 in sbt-db
== resolving dependencies org.scala-tools.sbt#compile_2.7.7;0.7.4->org.scala-tools.sbt#classpath_2.7.7;0.7.4 [default->default(compile)]
excluding dependency: org.scala-lang#scala-library;2.7.7 {default=[default(compile)]} in default
excluding dependency: org.scala-lang#scala-compiler;2.7.7 {default=[default(compile)]} in default
loadData of org.scala-tools.sbt#classpath_2.7.7;0.7.4 of rootConf=default
	using redefined-public to resolve org.scala-tools.sbt#classpath_2.7.7;0.7.4
redefined-public: Checking cache for: dependency: org.scala-tools.sbt#classpath_2.7.7;0.7.4 {default=[default(compile)]}
No entry is found in the ModuleDescriptorCache : /Users/ian/.ivy2/cache/org.scala-tools.sbt/classpath_2.7.7/ivy-0.7.4.xml
pre 1.3 ivy file: using exactOrRegexp as default matcher
	found ivy file in cache for org.scala-tools.sbt#classpath_2.7.7;0.7.4 (resolved by sbt-db): /Users/ian/.ivy2/cache/org.scala-tools.sbt/classpath_2.7.7/ivy-0.7.4.xml
redefined-public: module revision found in cache: org.scala-tools.sbt#classpath_2.7.7;0.7.4
	found org.scala-tools.sbt#classpath_2.7.7;0.7.4 in sbt-db
== resolving dependencies org.scala-tools.sbt#compile_2.7.7;0.7.4->org.scala-tools.sbt#compiler-interface;0.7.4 [default->default(compile)]
excluding dependency: org.scala-lang#scala-library;2.7.7 {default=[default(compile)]} in default
excluding dependency: org.scala-lang#scala-compiler;2.7.7 {default=[default(compile)]} in default
loadData of org.scala-tools.sbt#compiler-interface;0.7.4 of rootConf=default
	using redefined-public to resolve org.scala-tools.sbt#compiler-interface;0.7.4
redefined-public: Checking cache for: dependency: org.scala-tools.sbt#compiler-interface;0.7.4 {default=[default(compile)]}
No entry is found in the ModuleDescriptorCache : /Users/ian/.ivy2/cache/org.scala-tools.sbt/compiler-interface/ivy-0.7.4.xml
pre 1.3 ivy file: using exactOrRegexp as default matcher
	found ivy file in cache for org.scala-tools.sbt#compiler-interface;0.7.4 (resolved by sbt-db): /Users/ian/.ivy2/cache/org.scala-tools.sbt/compiler-interface/ivy-0.7.4.xml
redefined-public: module revision found in cache: org.scala-tools.sbt#compiler-interface;0.7.4
	found org.scala-tools.sbt#compiler-interface;0.7.4 in sbt-db
== resolving dependencies org.scala-tools.sbt#compiler-interface;0.7.4->jline#jline;0.9.94 [default->default(compile)]
excluding dependency: org.scala-lang#scala-library;2.7.7 {default=[default(compile)]} in default
excluding dependency: org.scala-lang#scala-compiler;2.7.7 {default=[default(compile)]} in default
loadData of jline#jline;0.9.94 of rootConf=default
	using redefined-public to resolve jline#jline;0.9.94
redefined-public: Checking cache for: dependency: jline#jline;0.9.94 {default=[default(compile)]}
No entry is found in the ModuleDescriptorCache : /Users/ian/.ivy2/cache/jline/jline/ivy-0.9.94.xml
post 1.3 ivy file: using exact as default matcher
	found ivy file in cache for jline#jline;0.9.94 (resolved by redefined-public): /Users/ian/.ivy2/cache/jline/jline/ivy-0.9.94.xml
redefined-public: module revision found in cache: jline#jline;0.9.94
	found jline#jline;0.9.94 in redefined-public
== resolving dependencies org.scala-tools.sbt#compiler-interface;0.7.4->jline#jline;0.9.94 [default->runtime]
loadData of jline#jline;0.9.94 of rootConf=default
== resolving dependencies org.scala-tools.sbt#compiler-interface;0.7.4->jline#jline;0.9.94 [default->compile]
loadData of jline#jline;0.9.94 of rootConf=default
== resolving dependencies org.scala-tools.sbt#compiler-interface;0.7.4->jline#jline;0.9.94 [default->master]
loadData of jline#jline;0.9.94 of rootConf=default
== resolving dependencies org.scala-tools.sbt#compiler-interface;0.7.4->org.scala-tools.sbt#interface;0.7.4 [default->default(compile)]
loadData of org.scala-tools.sbt#interface;0.7.4 of rootConf=default
default is loaded and no conf to load.  Skip loading
== resolving dependencies org.scala-tools.sbt#compiler-interface;0.7.4->org.scala-tools.sbt#precompiled-2.8.0.rc2_2.8.0.RC2;0.7.4 [default->default(compile)]
excluding dependency: org.scala-lang#scala-library;2.7.7 {default=[default(compile)]} in default
excluding dependency: org.scala-lang#scala-compiler;2.7.7 {default=[default(compile)]} in default
loadData of org.scala-tools.sbt#precompiled-2.8.0.rc2_2.8.0.RC2;0.7.4 of rootConf=default
	using redefined-public to resolve org.scala-tools.sbt#precompiled-2.8.0.rc2_2.8.0.RC2;0.7.4
redefined-public: Checking cache for: dependency: org.scala-tools.sbt#precompiled-2.8.0.rc2_2.8.0.RC2;0.7.4 {default=[default(compile)]}
No entry is found in the ModuleDescriptorCache : /Users/ian/.ivy2/cache/org.scala-tools.sbt/precompiled-2.8.0.rc2_2.8.0.RC2/ivy-0.7.4.xml
pre 1.3 ivy file: using exactOrRegexp as default matcher
	found ivy file in cache for org.scala-tools.sbt#precompiled-2.8.0.rc2_2.8.0.RC2;0.7.4 (resolved by sbt-db): /Users/ian/.ivy2/cache/org.scala-tools.sbt/precompiled-2.8.0.rc2_2.8.0.RC2/ivy-0.7.4.xml
redefined-public: module revision found in cache: org.scala-tools.sbt#precompiled-2.8.0.rc2_2.8.0.RC2;0.7.4
	found org.scala-tools.sbt#precompiled-2.8.0.rc2_2.8.0.RC2;0.7.4 in sbt-db
== resolving dependencies org.scala-tools.sbt#precompiled-2.8.0.rc2_2.8.0.RC2;0.7.4->org.scala-tools.sbt#interface;0.7.4 [default->default(compile)]
loadData of org.scala-tools.sbt#interface;0.7.4 of rootConf=default
default is loaded and no conf to load.  Skip loading
== resolving dependencies org.scala-tools.sbt#sbt_2.7.7;0.7.4->org.scala-tools.sbt#launcher-interface;0.7.4 [default->default(compile)]
loadData of org.scala-tools.sbt#launcher-interface;0.7.4 of rootConf=default
default is loaded and no conf to load.  Skip loading
Nbr of module to sort : 14
Sort dependencies of : org.scala-tools.sbt#sbt_2.7.7;0.7.4 / Number of dependencies = 10
Sort dependencies of : com.jcraft#jsch;0.1.31 / Number of dependencies = 1
Sort done for : com.jcraft#jsch;0.1.31
Sort dependencies of : org.scala-tools.testing#test-interface;0.5 / Number of dependencies = 0
Sort done for : org.scala-tools.testing#test-interface;0.5
Sort dependencies of : org.apache.ivy#ivy;2.1.0 / Number of dependencies = 13
Module descriptor is processed : com.jcraft#jsch;0.1.31
Sort done for : org.apache.ivy#ivy;2.1.0
Sort dependencies of : org.scala-tools.sbt#compile_2.7.7;0.7.4 / Number of dependencies = 6
Sort dependencies of : org.scala-tools.sbt#launcher-interface;0.7.4 / Number of dependencies = 0
Sort done for : org.scala-tools.sbt#launcher-interface;0.7.4
Sort dependencies of : org.scala-tools.sbt#interface;0.7.4 / Number of dependencies = 0
Sort done for : org.scala-tools.sbt#interface;0.7.4
Sort dependencies of : org.scala-tools.sbt#ivy_2.7.7;0.7.4 / Number of dependencies = 3
Module descriptor is processed : org.apache.ivy#ivy;2.1.0
Module descriptor is processed : org.scala-tools.sbt#interface;0.7.4
Module descriptor is processed : org.scala-tools.sbt#launcher-interface;0.7.4
Sort done for : org.scala-tools.sbt#ivy_2.7.7;0.7.4
Sort dependencies of : org.scala-tools.sbt#io_2.7.7;0.7.4 / Number of dependencies = 1
Sort dependencies of : org.scala-tools.sbt#control_2.7.7;0.7.4 / Number of dependencies = 0
Sort done for : org.scala-tools.sbt#control_2.7.7;0.7.4
Sort done for : org.scala-tools.sbt#io_2.7.7;0.7.4
Sort dependencies of : org.scala-tools.sbt#classpath_2.7.7;0.7.4 / Number of dependencies = 0
Sort done for : org.scala-tools.sbt#classpath_2.7.7;0.7.4
Sort dependencies of : org.scala-tools.sbt#compiler-interface;0.7.4 / Number of dependencies = 3
Sort dependencies of : jline#jline;0.9.94 / Number of dependencies = 1
Sort done for : jline#jline;0.9.94
Module descriptor is processed : org.scala-tools.sbt#interface;0.7.4
Sort dependencies of : org.scala-tools.sbt#precompiled-2.8.0.rc2_2.8.0.RC2;0.7.4 / Number of dependencies = 1
Module descriptor is processed : org.scala-tools.sbt#interface;0.7.4
Sort done for : org.scala-tools.sbt#precompiled-2.8.0.rc2_2.8.0.RC2;0.7.4
Sort done for : org.scala-tools.sbt#compiler-interface;0.7.4
Sort done for : org.scala-tools.sbt#compile_2.7.7;0.7.4
Module descriptor is processed : org.scala-tools.sbt#launcher-interface;0.7.4
Sort done for : org.scala-tools.sbt#sbt_2.7.7;0.7.4
Module descriptor is processed : com.jcraft#jsch;0.1.31
Module descriptor is processed : org.scala-tools.testing#test-interface;0.5
Module descriptor is processed : org.apache.ivy#ivy;2.1.0
Module descriptor is processed : org.scala-tools.sbt#compile_2.7.7;0.7.4
Module descriptor is processed : org.scala-tools.sbt#launcher-interface;0.7.4
Module descriptor is processed : org.scala-tools.sbt#interface;0.7.4
Module descriptor is processed : org.scala-tools.sbt#ivy_2.7.7;0.7.4
Module descriptor is processed : org.scala-tools.sbt#io_2.7.7;0.7.4
Module descriptor is processed : org.scala-tools.sbt#classpath_2.7.7;0.7.4
Module descriptor is processed : org.scala-tools.sbt#compiler-interface;0.7.4
Module descriptor is processed : org.scala-tools.sbt#control_2.7.7;0.7.4
Module descriptor is processed : jline#jline;0.9.94
Module descriptor is processed : org.scala-tools.sbt#precompiled-2.8.0.rc2_2.8.0.RC2;0.7.4
	resolved ivy file produced in /Users/ian/.ivy2/cache/resolved-org.scala-tools.sbt-boot-app-1.0.xml
:: downloading artifacts ::
	[NOT REQUIRED] org.scala-tools.sbt#sbt_2.7.7;0.7.4!sbt_2.7.7.jar
	[NOT REQUIRED] com.jcraft#jsch;0.1.31!jsch.jar
	[NOT REQUIRED] org.scala-tools.testing#test-interface;0.5!test-interface.jar
	[NOT REQUIRED] org.apache.ivy#ivy;2.1.0!ivy.jar
	[NOT REQUIRED] org.scala-tools.sbt#compile_2.7.7;0.7.4!compile_2.7.7.jar
	[NOT REQUIRED] org.scala-tools.sbt#launcher-interface;0.7.4!launcher-interface.jar
	[NOT REQUIRED] org.scala-tools.sbt#interface;0.7.4!interface.jar
	[NOT REQUIRED] org.scala-tools.sbt#ivy_2.7.7;0.7.4!ivy_2.7.7.jar
	[NOT REQUIRED] org.scala-tools.sbt#io_2.7.7;0.7.4!io_2.7.7.jar
	[NOT REQUIRED] org.scala-tools.sbt#classpath_2.7.7;0.7.4!classpath_2.7.7.jar
	[NOT REQUIRED] org.scala-tools.sbt#compiler-interface;0.7.4!compiler-interface-bin.jar
	[NOT REQUIRED] org.scala-tools.sbt#compiler-interface;0.7.4!compiler-interface-src.jar
	[NOT REQUIRED] org.scala-tools.sbt#control_2.7.7;0.7.4!control_2.7.7.jar
	[NOT REQUIRED] jline#jline;0.9.94!jline.jar
	[NOT REQUIRED] org.scala-tools.sbt#precompiled-2.8.0.rc2_2.8.0.RC2;0.7.4!compiler-interface-bin.jar
:: resolution report :: resolve 388ms :: artifacts dl 21ms
Nbr of module to sort : 14
Sort dependencies of : org.scala-tools.sbt#sbt_2.7.7;0.7.4 / Number of dependencies = 10
Sort dependencies of : com.jcraft#jsch;0.1.31 / Number of dependencies = 1
Sort done for : com.jcraft#jsch;0.1.31
Sort dependencies of : org.scala-tools.testing#test-interface;0.5 / Number of dependencies = 0
Sort done for : org.scala-tools.testing#test-interface;0.5
Sort dependencies of : org.apache.ivy#ivy;2.1.0 / Number of dependencies = 13
Module descriptor is processed : com.jcraft#jsch;0.1.31
Sort done for : org.apache.ivy#ivy;2.1.0
Sort dependencies of : org.scala-tools.sbt#compile_2.7.7;0.7.4 / Number of dependencies = 6
Sort dependencies of : org.scala-tools.sbt#launcher-interface;0.7.4 / Number of dependencies = 0
Sort done for : org.scala-tools.sbt#launcher-interface;0.7.4
Sort dependencies of : org.scala-tools.sbt#interface;0.7.4 / Number of dependencies = 0
Sort done for : org.scala-tools.sbt#interface;0.7.4
Sort dependencies of : org.scala-tools.sbt#ivy_2.7.7;0.7.4 / Number of dependencies = 3
Module descriptor is processed : org.apache.ivy#ivy;2.1.0
Module descriptor is processed : org.scala-tools.sbt#interface;0.7.4
Module descriptor is processed : org.scala-tools.sbt#launcher-interface;0.7.4
Sort done for : org.scala-tools.sbt#ivy_2.7.7;0.7.4
Sort dependencies of : org.scala-tools.sbt#io_2.7.7;0.7.4 / Number of dependencies = 1
Sort dependencies of : org.scala-tools.sbt#control_2.7.7;0.7.4 / Number of dependencies = 0
Sort done for : org.scala-tools.sbt#control_2.7.7;0.7.4
Sort done for : org.scala-tools.sbt#io_2.7.7;0.7.4
Sort dependencies of : org.scala-tools.sbt#classpath_2.7.7;0.7.4 / Number of dependencies = 0
Sort done for : org.scala-tools.sbt#classpath_2.7.7;0.7.4
Sort dependencies of : org.scala-tools.sbt#compiler-interface;0.7.4 / Number of dependencies = 3
Sort dependencies of : jline#jline;0.9.94 / Number of dependencies = 1
Sort done for : jline#jline;0.9.94
Module descriptor is processed : org.scala-tools.sbt#interface;0.7.4
Sort dependencies of : org.scala-tools.sbt#precompiled-2.8.0.rc2_2.8.0.RC2;0.7.4 / Number of dependencies = 1
Module descriptor is processed : org.scala-tools.sbt#interface;0.7.4
Sort done for : org.scala-tools.sbt#precompiled-2.8.0.rc2_2.8.0.RC2;0.7.4
Sort done for : org.scala-tools.sbt#compiler-interface;0.7.4
Sort done for : org.scala-tools.sbt#compile_2.7.7;0.7.4
Module descriptor is processed : org.scala-tools.sbt#launcher-interface;0.7.4
Sort done for : org.scala-tools.sbt#sbt_2.7.7;0.7.4
Module descriptor is processed : com.jcraft#jsch;0.1.31
Module descriptor is processed : org.scala-tools.testing#test-interface;0.5
Module descriptor is processed : org.apache.ivy#ivy;2.1.0
Module descriptor is processed : org.scala-tools.sbt#compile_2.7.7;0.7.4
Module descriptor is processed : org.scala-tools.sbt#launcher-interface;0.7.4
Module descriptor is processed : org.scala-tools.sbt#interface;0.7.4
Module descriptor is processed : org.scala-tools.sbt#ivy_2.7.7;0.7.4
Module descriptor is processed : org.scala-tools.sbt#io_2.7.7;0.7.4
Module descriptor is processed : org.scala-tools.sbt#control_2.7.7;0.7.4
Module descriptor is processed : org.scala-tools.sbt#classpath_2.7.7;0.7.4
Module descriptor is processed : org.scala-tools.sbt#compiler-interface;0.7.4
Module descriptor is processed : jline#jline;0.9.94
Module descriptor is processed : org.scala-tools.sbt#precompiled-2.8.0.rc2_2.8.0.RC2;0.7.4
	report for org.scala-tools.sbt#boot-app;1.0 default produced in /Users/ian/.ivy2/cache/org.scala-tools.sbt-boot-app-default.xml
	resolve done (388ms resolve - 21ms download)
:: retrieving :: org.scala-tools.sbt#boot-app
	checkUpToDate=true
no explicit confs given for retrieve, using ivy file: /Users/ian/.ivy2/cache/resolved-org.scala-tools.sbt-boot-app-1.0.xml
using ivy parser to parse /Users/ian/.ivy2/cache/resolved-org.scala-tools.sbt-boot-app-1.0.xml
pre 1.3 ivy file: using exactOrRegexp as default matcher
	confs: [default]
	retrieving /Users/ian/.ivy2/cache/org.scala-tools.sbt/compile_2.7.7/jars/compile_2.7.7-0.7.4.jar
		to /Users/ian/workspace/cassie/cassie-core/project/boot/scala-2.7.7/org.scala-tools.sbt/sbt/0.7.4/compile_2.7.7-0.7.4.jar
	retrieving /Users/ian/.ivy2/cache/org.scala-tools.sbt/control_2.7.7/jars/control_2.7.7-0.7.4.jar
		to /Users/ian/workspace/cassie/cassie-core/project/boot/scala-2.7.7/org.scala-tools.sbt/sbt/0.7.4/control_2.7.7-0.7.4.jar
	retrieving /Users/ian/.ivy2/cache/org.scala-tools.sbt/classpath_2.7.7/jars/classpath_2.7.7-0.7.4.jar
		to /Users/ian/workspace/cassie/cassie-core/project/boot/scala-2.7.7/org.scala-tools.sbt/sbt/0.7.4/classpath_2.7.7-0.7.4.jar
	retrieving /Users/ian/.ivy2/cache/org.scala-tools.sbt/compiler-interface/jars/compiler-interface-src-0.7.4.jar
		to /Users/ian/workspace/cassie/cassie-core/project/boot/scala-2.7.7/org.scala-tools.sbt/sbt/0.7.4/compiler-interface-src/compiler-interface-src-0.7.4.jar
	retrieving /Users/ian/.ivy2/cache/org.scala-tools.testing/test-interface/jars/test-interface-0.5.jar
		to /Users/ian/workspace/cassie/cassie-core/project/boot/scala-2.7.7/org.scala-tools.sbt/sbt/0.7.4/test-interface-0.5.jar
	retrieving /Users/ian/.ivy2/cache/org.scala-tools.sbt/io_2.7.7/jars/io_2.7.7-0.7.4.jar
		to /Users/ian/workspace/cassie/cassie-core/project/boot/scala-2.7.7/org.scala-tools.sbt/sbt/0.7.4/io_2.7.7-0.7.4.jar
	retrieving /Users/ian/.ivy2/cache/org.scala-tools.sbt/interface/jars/interface-0.7.4.jar
		to /Users/ian/workspace/cassie/cassie-core/project/boot/scala-2.7.7/org.scala-tools.sbt/sbt/0.7.4/xsbti/interface-0.7.4.jar
	retrieving /Users/ian/.ivy2/cache/org.scala-tools.sbt/launcher-interface/jars/launcher-interface-0.7.4.jar
		to /Users/ian/workspace/cassie/cassie-core/project/boot/scala-2.7.7/org.scala-tools.sbt/sbt/0.7.4/launcher-interface-0.7.4.jar
	retrieving /Users/ian/.ivy2/cache/org.scala-tools.sbt/compiler-interface/jars/compiler-interface-bin-0.7.4.jar
		to /Users/ian/workspace/cassie/cassie-core/project/boot/scala-2.7.7/org.scala-tools.sbt/sbt/0.7.4/compiler-interface-bin_2.7.7.final/compiler-interface-bin-0.7.4.jar
	retrieving /Users/ian/.ivy2/cache/org.scala-tools.sbt/sbt_2.7.7/jars/sbt_2.7.7-0.7.4.jar
		to /Users/ian/workspace/cassie/cassie-core/project/boot/scala-2.7.7/org.scala-tools.sbt/sbt/0.7.4/sbt_2.7.7-0.7.4.jar
	retrieving /Users/ian/.ivy2/cache/jline/jline/jars/jline-0.9.94.jar
		to /Users/ian/workspace/cassie/cassie-core/project/boot/scala-2.7.7/org.scala-tools.sbt/sbt/0.7.4/compiler-interface-src/jline-0.9.94.jar
	retrieving /Users/ian/.ivy2/cache/org.scala-tools.sbt/precompiled-2.8.0.rc2_2.8.0.RC2/jars/compiler-interface-bin-0.7.4.jar
		to /Users/ian/workspace/cassie/cassie-core/project/boot/scala-2.7.7/org.scala-tools.sbt/sbt/0.7.4/compiler-interface-bin_2.8.0.RC2/compiler-interface-bin-0.7.4.jar
	retrieving /Users/ian/.ivy2/cache/org.apache.ivy/ivy/jars/ivy-2.1.0.jar
		to /Users/ian/workspace/cassie/cassie-core/project/boot/scala-2.7.7/org.scala-tools.sbt/sbt/0.7.4/ivy-2.1.0.jar
	retrieving /Users/ian/.ivy2/cache/org.scala-tools.sbt/ivy_2.7.7/jars/ivy_2.7.7-0.7.4.jar
		to /Users/ian/workspace/cassie/cassie-core/project/boot/scala-2.7.7/org.scala-tools.sbt/sbt/0.7.4/ivy_2.7.7-0.7.4.jar
	retrieving /Users/ian/.ivy2/cache/com.jcraft/jsch/jars/jsch-0.1.31.jar
		to /Users/ian/workspace/cassie/cassie-core/project/boot/scala-2.7.7/org.scala-tools.sbt/sbt/0.7.4/jsch-0.1.31.jar
	15 artifacts copied, 0 already retrieved (4096kB/901ms)
	retrieve done (901ms)
